  [1m[36m (20.9ms)[0m  [1mCREATE TABLE "schema_migrations" ("version" varchar NOT NULL) [0m
  [1m[35m (0.2ms)[0m  select sqlite_version(*)
  [1m[36m (13.9ms)[0m  [1mCREATE UNIQUE INDEX "unique_schema_migrations" ON "schema_migrations" ("version")[0m
  [1m[35mActiveRecord::SchemaMigration Load (0.2ms)[0m  SELECT "schema_migrations".* FROM "schema_migrations"
Migrating to CreateSchedules (20160911104915)
  [1m[36m (0.1ms)[0m  [1mbegin transaction[0m
  [1m[35m (0.6ms)[0m  CREATE TABLE "schedules" ("id" INTEGER PRIMARY KEY AUTOINCREMENT NOT NULL, "title" varchar, "date_from" datetime, "date_to" datetime, "place" varchar, "content" text, "created_at" datetime NOT NULL, "updated_at" datetime NOT NULL) 
  [1m[36mSQL (0.4ms)[0m  [1mINSERT INTO "schema_migrations" ("version") VALUES (?)[0m  [["version", "20160911104915"]]
  [1m[35m (17.8ms)[0m  commit transaction
Migrating to CreateUsers (20160911105058)
  [1m[36m (0.1ms)[0m  [1mbegin transaction[0m
  [1m[35m (0.7ms)[0m  CREATE TABLE "users" ("id" INTEGER PRIMARY KEY AUTOINCREMENT NOT NULL, "user_name" varchar, "created_at" datetime NOT NULL, "updated_at" datetime NOT NULL) 
  [1m[36mSQL (0.2ms)[0m  [1mINSERT INTO "schema_migrations" ("version") VALUES (?)[0m  [["version", "20160911105058"]]
  [1m[35m (10.3ms)[0m  commit transaction
Migrating to CreateSchedulesUsers (20160911110717)
  [1m[36m (0.1ms)[0m  [1mbegin transaction[0m
  [1m[35m (0.7ms)[0m  CREATE TABLE "schedules_users" ("id" INTEGER PRIMARY KEY AUTOINCREMENT NOT NULL, "schedule_id_id" integer, "user_id_id" integer, "created_at" datetime NOT NULL, "updated_at" datetime NOT NULL) 
  [1m[36m (0.2ms)[0m  [1mCREATE  INDEX "index_schedules_users_on_schedule_id_id" ON "schedules_users" ("schedule_id_id")[0m
  [1m[35m (0.1ms)[0m              SELECT sql
            FROM sqlite_master
            WHERE name='index_schedules_users_on_schedule_id_id' AND type='index'
            UNION ALL
            SELECT sql
            FROM sqlite_temp_master
            WHERE name='index_schedules_users_on_schedule_id_id' AND type='index'

  [1m[36m (0.2ms)[0m  [1mCREATE  INDEX "index_schedules_users_on_user_id_id" ON "schedules_users" ("user_id_id")[0m
  [1m[35mSQL (0.2ms)[0m  INSERT INTO "schema_migrations" ("version") VALUES (?)  [["version", "20160911110717"]]
  [1m[36m (13.8ms)[0m  [1mcommit transaction[0m
  [1m[35mActiveRecord::SchemaMigration Load (0.3ms)[0m  SELECT "schema_migrations".* FROM "schema_migrations"
  [1m[36m (0.3ms)[0m  [1m            SELECT sql
            FROM sqlite_master
            WHERE name='index_schedules_users_on_user_id_id' AND type='index'
            UNION ALL
            SELECT sql
            FROM sqlite_temp_master
            WHERE name='index_schedules_users_on_user_id_id' AND type='index'
[0m
  [1m[35m (0.3ms)[0m              SELECT sql
            FROM sqlite_master
            WHERE name='index_schedules_users_on_schedule_id_id' AND type='index'
            UNION ALL
            SELECT sql
            FROM sqlite_temp_master
            WHERE name='index_schedules_users_on_schedule_id_id' AND type='index'

  [1m[36m (0.5ms)[0m  [1mbegin transaction[0m
  [1m[35mSQL (0.8ms)[0m  INSERT INTO "users" ("user_name", "created_at", "updated_at") VALUES (?, ?, ?)  [["user_name", "イケダ"], ["created_at", "2016-09-11 11:30:24.452265"], ["updated_at", "2016-09-11 11:30:24.452265"]]
  [1m[36m (14.7ms)[0m  [1mcommit transaction[0m
  [1m[36mActiveRecord::SchemaMigration Load (0.4ms)[0m  [1mSELECT "schema_migrations".* FROM "schema_migrations"[0m
Migrating to CreateSchedulesUsers (20160911113503)
  [1m[35m (0.2ms)[0m  begin transaction
  [1m[36m (0.4ms)[0m  [1mCREATE TABLE "schedules_users" ("id" INTEGER PRIMARY KEY AUTOINCREMENT NOT NULL, "schedule_id" integer, "user_id" integer, "created_at" datetime NOT NULL, "updated_at" datetime NOT NULL) [0m
  [1m[35m (0.2ms)[0m  rollback transaction
  [1m[36m (19.9ms)[0m  [1mCREATE TABLE "schedules" ("id" INTEGER PRIMARY KEY AUTOINCREMENT NOT NULL, "title" varchar, "date_from" datetime, "date_to" datetime, "place" varchar, "content" text, "created_at" datetime NOT NULL, "updated_at" datetime NOT NULL) [0m
  [1m[35m (10.7ms)[0m  CREATE TABLE "schedules_users" ("id" INTEGER PRIMARY KEY AUTOINCREMENT NOT NULL, "schedule_id_id" integer, "user_id_id" integer, "created_at" datetime NOT NULL, "updated_at" datetime NOT NULL) 
  [1m[36m (0.2ms)[0m  [1mselect sqlite_version(*)[0m
  [1m[35m (12.5ms)[0m  CREATE  INDEX "index_schedules_users_on_schedule_id_id" ON "schedules_users" ("schedule_id_id")
  [1m[36m (0.2ms)[0m  [1m            SELECT sql
            FROM sqlite_master
            WHERE name='index_schedules_users_on_schedule_id_id' AND type='index'
            UNION ALL
            SELECT sql
            FROM sqlite_temp_master
            WHERE name='index_schedules_users_on_schedule_id_id' AND type='index'
[0m
  [1m[35m (16.9ms)[0m  CREATE  INDEX "index_schedules_users_on_user_id_id" ON "schedules_users" ("user_id_id")
  [1m[36m (11.6ms)[0m  [1mCREATE TABLE "users" ("id" INTEGER PRIMARY KEY AUTOINCREMENT NOT NULL, "user_name" varchar, "created_at" datetime NOT NULL, "updated_at" datetime NOT NULL) [0m
  [1m[35m (11.9ms)[0m  CREATE TABLE "schema_migrations" ("version" varchar NOT NULL) 
  [1m[36m (13.5ms)[0m  [1mCREATE UNIQUE INDEX "unique_schema_migrations" ON "schema_migrations" ("version")[0m
  [1m[35m (0.3ms)[0m  SELECT version FROM "schema_migrations"
  [1m[36m (11.3ms)[0m  [1mINSERT INTO "schema_migrations" (version) VALUES ('20160911110717')[0m
  [1m[35m (11.7ms)[0m  INSERT INTO "schema_migrations" (version) VALUES ('20160911104915')
  [1m[36m (11.1ms)[0m  [1mINSERT INTO "schema_migrations" (version) VALUES ('20160911105058')[0m
  [1m[35m (14.5ms)[0m  CREATE TABLE "schedules" ("id" INTEGER PRIMARY KEY AUTOINCREMENT NOT NULL, "title" varchar, "date_from" datetime, "date_to" datetime, "place" varchar, "content" text, "created_at" datetime NOT NULL, "updated_at" datetime NOT NULL) 
  [1m[36m (12.5ms)[0m  [1mCREATE TABLE "schedules_users" ("id" INTEGER PRIMARY KEY AUTOINCREMENT NOT NULL, "schedule_id_id" integer, "user_id_id" integer, "created_at" datetime NOT NULL, "updated_at" datetime NOT NULL) [0m
  [1m[35m (0.2ms)[0m  select sqlite_version(*)
  [1m[36m (11.7ms)[0m  [1mCREATE  INDEX "index_schedules_users_on_schedule_id_id" ON "schedules_users" ("schedule_id_id")[0m
  [1m[35m (0.3ms)[0m              SELECT sql
            FROM sqlite_master
            WHERE name='index_schedules_users_on_schedule_id_id' AND type='index'
            UNION ALL
            SELECT sql
            FROM sqlite_temp_master
            WHERE name='index_schedules_users_on_schedule_id_id' AND type='index'

  [1m[36m (12.4ms)[0m  [1mCREATE  INDEX "index_schedules_users_on_user_id_id" ON "schedules_users" ("user_id_id")[0m
  [1m[35m (12.0ms)[0m  CREATE TABLE "users" ("id" INTEGER PRIMARY KEY AUTOINCREMENT NOT NULL, "user_name" varchar, "created_at" datetime NOT NULL, "updated_at" datetime NOT NULL) 
  [1m[36m (11.3ms)[0m  [1mCREATE TABLE "schema_migrations" ("version" varchar NOT NULL) [0m
  [1m[35m (10.8ms)[0m  CREATE UNIQUE INDEX "unique_schema_migrations" ON "schema_migrations" ("version")
  [1m[36m (0.3ms)[0m  [1mSELECT version FROM "schema_migrations"[0m
  [1m[35m (10.9ms)[0m  INSERT INTO "schema_migrations" (version) VALUES ('20160911110717')
  [1m[36m (14.7ms)[0m  [1mINSERT INTO "schema_migrations" (version) VALUES ('20160911104915')[0m
  [1m[35m (11.7ms)[0m  INSERT INTO "schema_migrations" (version) VALUES ('20160911105058')
  [1m[36mActiveRecord::SchemaMigration Load (0.2ms)[0m  [1mSELECT "schema_migrations".* FROM "schema_migrations"[0m
  [1m[36m (17.8ms)[0m  [1mCREATE TABLE "schema_migrations" ("version" varchar NOT NULL) [0m
  [1m[35m (0.2ms)[0m  select sqlite_version(*)
  [1m[36m (11.4ms)[0m  [1mCREATE UNIQUE INDEX "unique_schema_migrations" ON "schema_migrations" ("version")[0m
  [1m[35mActiveRecord::SchemaMigration Load (0.2ms)[0m  SELECT "schema_migrations".* FROM "schema_migrations"
Migrating to CreateSchedules (20160911104915)
  [1m[36m (0.1ms)[0m  [1mbegin transaction[0m
  [1m[35m (0.6ms)[0m  CREATE TABLE "schedules" ("id" INTEGER PRIMARY KEY AUTOINCREMENT NOT NULL, "title" varchar, "date_from" datetime, "date_to" datetime, "place" varchar, "content" text, "created_at" datetime NOT NULL, "updated_at" datetime NOT NULL) 
  [1m[36mSQL (0.3ms)[0m  [1mINSERT INTO "schema_migrations" ("version") VALUES (?)[0m  [["version", "20160911104915"]]
  [1m[35m (23.1ms)[0m  commit transaction
Migrating to CreateUsers (20160911105058)
  [1m[36m (0.1ms)[0m  [1mbegin transaction[0m
  [1m[35m (0.5ms)[0m  CREATE TABLE "users" ("id" INTEGER PRIMARY KEY AUTOINCREMENT NOT NULL, "user_name" varchar, "created_at" datetime NOT NULL, "updated_at" datetime NOT NULL) 
  [1m[36mSQL (0.1ms)[0m  [1mINSERT INTO "schema_migrations" ("version") VALUES (?)[0m  [["version", "20160911105058"]]
  [1m[35m (11.6ms)[0m  commit transaction
Migrating to CreateSchedulesUsers (20160911115043)
  [1m[36m (0.1ms)[0m  [1mbegin transaction[0m
  [1m[35m (0.5ms)[0m  CREATE TABLE "schedules_users" ("id" INTEGER PRIMARY KEY AUTOINCREMENT NOT NULL, "schedule_id" integer, "user_id" integer, "created_at" datetime NOT NULL, "updated_at" datetime NOT NULL) 
  [1m[36m (0.1ms)[0m  [1mCREATE  INDEX "index_schedules_users_on_schedule_id" ON "schedules_users" ("schedule_id")[0m
  [1m[35m (0.1ms)[0m              SELECT sql
            FROM sqlite_master
            WHERE name='index_schedules_users_on_schedule_id' AND type='index'
            UNION ALL
            SELECT sql
            FROM sqlite_temp_master
            WHERE name='index_schedules_users_on_schedule_id' AND type='index'

  [1m[36m (0.2ms)[0m  [1mCREATE  INDEX "index_schedules_users_on_user_id" ON "schedules_users" ("user_id")[0m
  [1m[35mSQL (0.1ms)[0m  INSERT INTO "schema_migrations" ("version") VALUES (?)  [["version", "20160911115043"]]
  [1m[36m (14.0ms)[0m  [1mcommit transaction[0m
  [1m[35mActiveRecord::SchemaMigration Load (0.2ms)[0m  SELECT "schema_migrations".* FROM "schema_migrations"
  [1m[36m (0.2ms)[0m  [1m            SELECT sql
            FROM sqlite_master
            WHERE name='index_schedules_users_on_user_id' AND type='index'
            UNION ALL
            SELECT sql
            FROM sqlite_temp_master
            WHERE name='index_schedules_users_on_user_id' AND type='index'
[0m
  [1m[35m (0.2ms)[0m              SELECT sql
            FROM sqlite_master
            WHERE name='index_schedules_users_on_schedule_id' AND type='index'
            UNION ALL
            SELECT sql
            FROM sqlite_temp_master
            WHERE name='index_schedules_users_on_schedule_id' AND type='index'

  [1m[36m (0.2ms)[0m  [1mbegin transaction[0m
  [1m[35mSQL (1.0ms)[0m  INSERT INTO "users" ("created_at", "updated_at") VALUES (?, ?)  [["created_at", "2016-09-11 12:03:01.654811"], ["updated_at", "2016-09-11 12:03:01.654811"]]
  [1m[36m (22.9ms)[0m  [1mcommit transaction[0m
  [1m[35m (0.2ms)[0m  begin transaction
  [1m[36mSQL (0.5ms)[0m  [1mINSERT INTO "schedules" ("title", "created_at", "updated_at") VALUES (?, ?, ?)[0m  [["title", "バドミントン"], ["created_at", "2016-09-11 12:03:25.293375"], ["updated_at", "2016-09-11 12:03:25.293375"]]
  [1m[35m (12.0ms)[0m  commit transaction
  [1m[36mUser Load (0.5ms)[0m  [1mSELECT  "users".* FROM "users" WHERE "users"."id" = ? LIMIT 1[0m  [["id", 1]]
